<?xml version="1.0" encoding="UTF-8" ?>
<testsuite failures="0" time="7.354" errors="0" skipped="0" tests="9" name="sk.tuke.domain.ActivityIntegrationTest">
  <properties>
[...]
</properties>
  <testcase time="6.481" classname="sk.tuke.domain.ActivityIntegrationTest" name="testFlush"/>
  <testcase time="0.143" classname="sk.tuke.domain.ActivityIntegrationTest" name="testPersist"/>
  <testcase time="0.003" classname="sk.tuke.domain.ActivityIntegrationTest" name="testMarkerMethod"/>
  <testcase time="0.149" classname="sk.tuke.domain.ActivityIntegrationTest" name="testFindActivity"/>
  <testcase time="0.15" classname="sk.tuke.domain.ActivityIntegrationTest" name="testMergeUpdate"/>
  <testcase time="0.125" classname="sk.tuke.domain.ActivityIntegrationTest" name="testFindAllActivitys"/>
  <testcase time="0.089" classname="sk.tuke.domain.ActivityIntegrationTest" name="testCountActivitys"/>
  <testcase time="0.107" classname="sk.tuke.domain.ActivityIntegrationTest" name="testRemove"/>
  <testcase time="0.107" classname="sk.tuke.domain.ActivityIntegrationTest" name="testFindActivityEntries"/>
</testsuite>